0 info it worked if it ends with ok
1 verbose cli [ 'A:\\Arquivos de Programas\\Nodejs\\node.exe',
1 verbose cli   'A:\\Arquivos de Programas\\Nodejs\\node_modules\\npm\\bin\\npm-cli.js',
1 verbose cli   'install',
1 verbose cli   'typescript',
1 verbose cli   '–save-dev' ]
2 info using npm@3.10.10
3 info using node@v6.11.2
4 silly loadCurrentTree Starting
5 silly install loadCurrentTree
6 silly install readLocalPackageData
7 silly fetchPackageMetaData typescript
8 silly fetchPackageMetaData –save-dev
9 silly fetchNamedPackageData typescript
10 silly mapToRegistry name typescript
11 silly mapToRegistry using default registry
12 silly mapToRegistry registry https://registry.npmjs.org/
13 silly mapToRegistry data Result {
13 silly mapToRegistry   raw: 'typescript',
13 silly mapToRegistry   scope: null,
13 silly mapToRegistry   escapedName: 'typescript',
13 silly mapToRegistry   name: 'typescript',
13 silly mapToRegistry   rawSpec: '',
13 silly mapToRegistry   spec: 'latest',
13 silly mapToRegistry   type: 'tag' }
14 silly mapToRegistry uri https://registry.npmjs.org/typescript
15 silly fetchOtherPackageData –save-dev
16 silly cache add args [ '–save-dev', null ]
17 verbose cache add spec –save-dev
18 silly cache add parsed spec Result {
18 silly cache add   raw: '–save-dev',
18 silly cache add   scope: null,
18 silly cache add   escapedName: null,
18 silly cache add   name: null,
18 silly cache add   rawSpec: '–save-dev',
18 silly cache add   spec: 'D:\\ESTUDO\\UDEMY\\Typescript_Node_ES6_UD\\–save-dev',
18 silly cache add   type: 'local' }
19 error addLocal Could not install D:\ESTUDO\UDEMY\Typescript_Node_ES6_UD\–save-dev
20 silly fetchPackageMetaData Error: ENOENT: no such file or directory, open 'D:\ESTUDO\UDEMY\Typescript_Node_ES6_UD\–save-dev'
20 silly fetchPackageMetaData     at Error (native)
20 silly fetchPackageMetaData  error for –save-dev { Error: ENOENT: no such file or directory, open 'D:\ESTUDO\UDEMY\Typescript_Node_ES6_UD\–save-dev'
20 silly fetchPackageMetaData     at Error (native)
20 silly fetchPackageMetaData   errno: -4058,
20 silly fetchPackageMetaData   code: 'ENOENT',
20 silly fetchPackageMetaData   syscall: 'open',
20 silly fetchPackageMetaData   path: 'D:\\ESTUDO\\UDEMY\\Typescript_Node_ES6_UD\\–save-dev' }
21 verbose request uri https://registry.npmjs.org/typescript
22 verbose request no auth needed
23 info attempt registry request try #1 at 20:46:52
24 verbose request id 3af77bbf60dd3c24
25 verbose etag "5a34bc8c-2083ea"
26 verbose lastModified Sat, 16 Dec 2017 6:26:20 GMT
27 http request GET https://registry.npmjs.org/typescript
28 info retry will retry, error on last attempt: TypeError: The header content contains invalid characters
29 info attempt registry request try #2 at 20:47:02
30 verbose etag "5a34bc8c-2083ea"
31 verbose lastModified Sat, 16 Dec 2017 6:26:20 GMT
32 http request GET https://registry.npmjs.org/typescript
33 info retry will retry, error on last attempt: TypeError: The header content contains invalid characters
34 info attempt registry request try #3 at 20:48:02
35 verbose etag "5a34bc8c-2083ea"
36 verbose lastModified Sat, 16 Dec 2017 6:26:20 GMT
37 http request GET https://registry.npmjs.org/typescript
38 silly get cb [ 304, undefined ]
39 verbose etag https://registry.npmjs.org/typescript from cache
40 verbose get saving typescript to C:\Users\raffa\AppData\Roaming\npm-cache\registry.npmjs.org\typescript\.cache.json
41 verbose correctMkdir C:\Users\raffa\AppData\Roaming\npm-cache correctMkdir not in flight; initializing
42 silly rollbackFailedOptional Starting
43 silly rollbackFailedOptional Finishing
44 silly runTopLevelLifecycles Finishing
45 silly install printInstalled
46 verbose stack Error: ENOENT: no such file or directory, open 'D:\ESTUDO\UDEMY\Typescript_Node_ES6_UD\–save-dev'
46 verbose stack     at Error (native)
47 verbose cwd D:\ESTUDO\UDEMY\Typescript_Node_ES6_UD
48 error Windows_NT 10.0.16299
49 error argv "A:\\Arquivos de Programas\\Nodejs\\node.exe" "A:\\Arquivos de Programas\\Nodejs\\node_modules\\npm\\bin\\npm-cli.js" "install" "typescript" "–save-dev"
50 error node v6.11.2
51 error npm  v3.10.10
52 error path D:\ESTUDO\UDEMY\Typescript_Node_ES6_UD\–save-dev
53 error code ENOENT
54 error errno -4058
55 error syscall open
56 error enoent ENOENT: no such file or directory, open 'D:\ESTUDO\UDEMY\Typescript_Node_ES6_UD\–save-dev'
57 error enoent ENOENT: no such file or directory, open 'D:\ESTUDO\UDEMY\Typescript_Node_ES6_UD\–save-dev'
57 error enoent This is most likely not a problem with npm itself
57 error enoent and is related to npm not being able to find a file.
58 verbose exit [ -4058, true ]
